\BOOKMARK [0][-]{section*.1}{\376\377\000H\000A\000L\000A\000M\000A\000N\000\040\000J\000U\000D\000U\000L}{}% 1
\BOOKMARK [0][-]{section*.2}{\376\377\000L\000E\000M\000B\000A\000R\000\040\000P\000E\000N\000G\000E\000S\000A\000H\000A\000N}{}% 2
\BOOKMARK [0][-]{section*.3}{\376\377\000P\000R\000A\000K\000A\000T\000A}{}% 3
\BOOKMARK [0][-]{section*.4}{\376\377\000D\000A\000F\000T\000A\000R\000\040\000I\000S\000I}{}% 4
\BOOKMARK [0][-]{section*.5}{\376\377\000D\000A\000F\000T\000A\000R\000\040\000G\000A\000M\000B\000A\000R}{}% 5
\BOOKMARK [0][-]{section*.6}{\376\377\000D\000A\000F\000T\000A\000R\000\040\000T\000A\000B\000E\000L}{}% 6
\BOOKMARK [0][-]{section*.7}{\376\377\000D\000A\000F\000T\000A\000R\000\040\000S\000I\000M\000B\000O\000L}{}% 7
\BOOKMARK [0][-]{chapter.1}{\376\377\000I\000\040\000P\000E\000N\000D\000A\000H\000U\000L\000U\000A\000N}{}% 8
\BOOKMARK [1][-]{section.1.1}{\376\377\0001\000.\0001\000\040\000L\000a\000t\000a\000r\000\040\000B\000e\000l\000a\000k\000a\000n\000g}{chapter.1}% 9
\BOOKMARK [1][-]{section.1.2}{\376\377\0001\000.\0002\000\040\000B\000a\000t\000a\000s\000a\000n\000\040\000M\000a\000s\000a\000l\000a\000h}{chapter.1}% 10
\BOOKMARK [1][-]{section.1.3}{\376\377\0001\000.\0003\000\040\000R\000u\000m\000u\000s\000a\000n\000\040\000M\000a\000s\000a\000l\000a\000h}{chapter.1}% 11
\BOOKMARK [1][-]{section.1.4}{\376\377\0001\000.\0004\000\040\000T\000u\000j\000u\000a\000n\000\040\000P\000e\000n\000e\000l\000i\000t\000i\000a\000n}{chapter.1}% 12
\BOOKMARK [1][-]{section.1.5}{\376\377\0001\000.\0005\000\040\000M\000a\000n\000f\000a\000a\000t\000\040\000P\000e\000n\000e\000l\000i\000t\000i\000a\000n}{chapter.1}% 13
\BOOKMARK [0][-]{chapter.2}{\376\377\000I\000I\000\040\000T\000I\000N\000J\000A\000U\000A\000N\000\040\000P\000U\000S\000T\000A\000K\000A}{}% 14
\BOOKMARK [1][-]{section.2.1}{\376\377\0002\000.\0001\000\040\000M\000a\000t\000e\000m\000a\000t\000i\000k\000a\000\040\000D\000i\000s\000k\000r\000e\000t}{chapter.2}% 15
\BOOKMARK [1][-]{section.2.2}{\376\377\0002\000.\0002\000\040\000T\000e\000o\000r\000i\000\040\000G\000r\000a\000f}{chapter.2}% 16
\BOOKMARK [2][-]{subsection.2.2.1}{\376\377\0002\000.\0002\000.\0001\000\040\000D\000e\000f\000i\000n\000i\000s\000i\000\040\000G\000r\000a\000f}{section.2.2}% 17
\BOOKMARK [2][-]{subsection.2.2.2}{\376\377\0002\000.\0002\000.\0002\000\040\000J\000a\000l\000a\000n\000,\000\040\000L\000i\000n\000t\000a\000s\000a\000n\000,\000\040\000d\000a\000n\000\040\000S\000i\000r\000k\000u\000i\000t}{section.2.2}% 18
\BOOKMARK [2][-]{subsection.2.2.3}{\376\377\0002\000.\0002\000.\0003\000\040\000G\000r\000a\000f\000\040\000B\000e\000r\000b\000o\000b\000o\000t}{section.2.2}% 19
\BOOKMARK [2][-]{subsection.2.2.4}{\376\377\0002\000.\0002\000.\0004\000\040\000R\000e\000p\000r\000e\000s\000e\000n\000t\000a\000s\000i\000\040\000G\000r\000a\000f\000\040\000T\000a\000k\000\040\000B\000e\000r\000a\000r\000a\000h\000\040\000D\000a\000l\000a\000m\000\040\000M\000a\000t\000r\000i\000k\000s}{section.2.2}% 20
\BOOKMARK [3][-]{subsubsection.2.2.4.1}{\376\377\0002\000.\0002\000.\0004\000.\0001\000\040\000M\000a\000t\000r\000i\000k\000s\000\040\000K\000e\000t\000e\000t\000a\000n\000g\000g\000a\000a\000n}{subsection.2.2.4}% 21
\BOOKMARK [3][-]{subsubsection.2.2.4.2}{\376\377\0002\000.\0002\000.\0004\000.\0002\000\040\000M\000a\000t\000r\000i\000k\000s\000\040\000B\000i\000n\000e\000r}{subsection.2.2.4}% 22
\BOOKMARK [1][-]{section.2.3}{\376\377\0002\000.\0003\000\040\000O\000p\000t\000i\000m\000a\000s\000i}{chapter.2}% 23
\BOOKMARK [1][-]{section.2.4}{\376\377\0002\000.\0004\000\040\000K\000o\000n\000s\000e\000p\000\040\000T\000r\000a\000v\000e\000l\000i\000n\000g\000\040\000S\000a\000l\000e\000s\000m\000a\000n\000\040\000P\000r\000o\000b\000l\000e\000m\000\040\000\050\000T\000S\000P\000\051}{chapter.2}% 24
\BOOKMARK [1][-]{section.2.5}{\376\377\0002\000.\0005\000\040\000M\000e\000t\000o\000d\000e\000\040\000H\000e\000u\000r\000i\000s\000t\000i\000k}{chapter.2}% 25
\BOOKMARK [1][-]{section.2.6}{\376\377\0002\000.\0006\000\040\000A\000l\000g\000o\000r\000i\000t\000m\000a\000\040\000P\000a\000r\000t\000i\000c\000l\000e\000\040\000S\000w\000a\000r\000m\000\040\000O\000p\000t\000i\000m\000i\000z\000a\000t\000i\000o\000n\000\040\000\050\000P\000S\000O\000\051}{chapter.2}% 26
\BOOKMARK [2][-]{subsection.2.6.1}{\376\377\0002\000.\0006\000.\0001\000\040\000D\000e\000f\000i\000n\000i\000s\000i\000\040\000A\000l\000g\000o\000r\000i\000t\000m\000a\000\040\000P\000a\000r\000t\000i\000c\000l\000e\000\040\000S\000w\000a\000r\000m\000\040\000O\000p\000t\000i\000m\000i\000z\000a\000t\000i\000o\000n}{section.2.6}% 27
\BOOKMARK [2][-]{subsection.2.6.2}{\376\377\0002\000.\0006\000.\0002\000\040\000P\000a\000r\000a\000m\000e\000t\000e\000r\000\040\000A\000l\000g\000o\000r\000i\000t\000m\000a\000\040\000P\000a\000r\000t\000i\000c\000l\000e\000\040\000S\000w\000a\000r\000m\000\040\000O\000p\000t\000i\000m\000i\000z\000a\000t\000i\000o\000n}{section.2.6}% 28
\BOOKMARK [2][-]{subsection.2.6.3}{\376\377\0002\000.\0006\000.\0003\000\040\000K\000e\000c\000e\000p\000a\000t\000a\000n\000\040\000P\000a\000r\000t\000i\000k\000e\000l\000\040\000\050\000V\000e\000l\000o\000c\000i\000t\000y\000\051}{section.2.6}% 29
\BOOKMARK [2][-]{subsection.2.6.4}{\376\377\0002\000.\0006\000.\0004\000\040\000P\000e\000r\000s\000o\000n\000a\000l\000\040\000B\000e\000s\000t}{section.2.6}% 30
\BOOKMARK [2][-]{subsection.2.6.5}{\376\377\0002\000.\0006\000.\0005\000\040\000G\000l\000o\000b\000a\000l\000\040\000B\000e\000s\000t}{section.2.6}% 31
\BOOKMARK [2][-]{subsection.2.6.6}{\376\377\0002\000.\0006\000.\0006\000\040\000P\000e\000m\000b\000a\000r\000u\000a\000n\000\040\000P\000o\000s\000i\000s\000i\000\040\000d\000a\000n\000\040\000V\000e\000l\000o\000c\000i\000t\000y}{section.2.6}% 32
\BOOKMARK [2][-]{subsection.2.6.7}{\376\377\0002\000.\0006\000.\0007\000\040\000T\000a\000h\000a\000p\000a\000n\000\040\000A\000l\000g\000o\000r\000i\000t\000m\000a\000\040\000P\000a\000r\000t\000i\000c\000l\000e\000\040\000S\000w\000a\000r\000m\000\040\000O\000p\000t\000i\000m\000i\000z\000a\000t\000i\000o\000n}{section.2.6}% 33
\BOOKMARK [1][-]{section.2.7}{\376\377\0002\000.\0007\000\040\000K\000r\000i\000t\000e\000r\000i\000a\000\040\000P\000e\000m\000b\000e\000r\000h\000e\000n\000t\000i\000a\000n\000\040\000A\000l\000g\000o\000r\000i\000t\000m\000a\000\040\000P\000a\000r\000t\000i\000c\000l\000e\000\040\000S\000w\000a\000r\000m\000\040\000O\000p\000t\000i\000m\000i\000z\000a\000t\000i\000o\000n}{chapter.2}% 34
\BOOKMARK [1][-]{section.2.8}{\376\377\0002\000.\0008\000\040\000F\000i\000l\000m\000\040\000"\000K\000e\000t\000i\000k\000a\000\040\000A\000d\000z\000a\000n\000\040\000S\000u\000d\000a\000h\000\040\000T\000i\000d\000a\000k\000\040\000L\000a\000g\000i\000\040\000B\000e\000r\000k\000u\000m\000a\000n\000d\000a\000n\000g\000"}{chapter.2}% 35
\BOOKMARK [0][-]{chapter.3}{\376\377\000I\000I\000I\000\040\000M\000E\000T\000O\000D\000E\000\040\000P\000E\000N\000E\000L\000I\000T\000I\000A\000N}{}% 36
\BOOKMARK [1][-]{section.3.1}{\376\377\0003\000.\0001\000\040\000W\000a\000k\000t\000u\000\040\000d\000a\000n\000\040\000T\000e\000m\000p\000a\000t\000\040\000P\000e\000n\000e\000l\000i\000t\000i\000a\000n}{chapter.3}% 37
\BOOKMARK [1][-]{section.3.2}{\376\377\0003\000.\0002\000\040\000V\000a\000r\000i\000a\000b\000e\000l\000\040\000P\000e\000n\000e\000l\000i\000t\000i\000a\000n}{chapter.3}% 38
\BOOKMARK [1][-]{section.3.3}{\376\377\0003\000.\0003\000\040\000T\000e\000k\000n\000i\000k\000\040\000P\000e\000n\000g\000u\000m\000p\000u\000l\000a\000n\000\040\000D\000a\000t\000a}{chapter.3}% 39
\BOOKMARK [1][-]{section.3.4}{\376\377\0003\000.\0004\000\040\000P\000o\000p\000u\000l\000a\000s\000i\000\040\000d\000a\000n\000\040\000S\000a\000m\000p\000e\000l\000\040\000P\000e\000n\000e\000l\000i\000t\000i\000a\000n}{chapter.3}% 40
\BOOKMARK [1][-]{section.3.5}{\376\377\0003\000.\0005\000\040\000T\000e\000k\000n\000i\000k\000\040\000S\000a\000m\000p\000l\000i\000n\000g}{chapter.3}% 41
\BOOKMARK [1][-]{section.3.6}{\376\377\0003\000.\0006\000\040\000T\000e\000k\000n\000i\000k\000\040\000A\000n\000a\000l\000i\000s\000i\000s\000\040\000D\000a\000t\000a}{chapter.3}% 42
\BOOKMARK [1][-]{section.3.7}{\376\377\0003\000.\0007\000\040\000K\000e\000r\000a\000n\000g\000k\000a\000\040\000P\000e\000n\000e\000l\000i\000t\000i\000a\000n}{chapter.3}% 43
\BOOKMARK [0][-]{chapter.4}{\376\377\0004\000\040\000H\000A\000S\000I\000L\000\040\000D\000A\000N\000\040\000P\000E\000M\000B\000A\000H\000A\000S\000A\000N}{}% 44
\BOOKMARK [1][-]{section.4.1}{\376\377\0004\000.\0001\000\040\000M\000o\000d\000e\000l\000\040\000G\000r\000a\000f\000\040\000S\000c\000e\000n\000e\000\040\000F\000i\000l\000m\000\040\000"\000K\000e\000t\000i\000k\000a\000\040\000A\000d\000z\000a\000n\000\040\000S\000u\000d\000a\000h\000\040\000T\000i\000d\000a\000k\000\040\000L\000a\000g\000i\000\040\000B\000e\000r\000k\000u\000m\000a\000n\000d\000a\000n\000g\000"}{chapter.4}% 45
\BOOKMARK [0][-]{section*.16}{\376\377\000D\000A\000F\000T\000A\000R\000\040\000P\000U\000S\000T\000A\000K\000A}{}% 46
\BOOKMARK [0][-]{section*.18}{\376\377\000L\000A\000M\000P\000I\000R\000A\000N}{}% 47
